example/build/app/intermediates/manifest_merge_blame_file/debug/manifest-merger-blame-debug-report.txt
1<?xml version="1.0" encoding="utf-8"?>
2<manifest xmlns:android="http://schemas.android.com/apk/res/android"
3    package="com.example.example"
4    android:versionCode="1"
5    android:versionName="1.0.0" >
6
7    <uses-sdk
8        android:minSdkVersion="19"
9        android:targetSdkVersion="31" />
10    <!--
11         Flutter needs it to communicate with the running application
12         to allow setting breakpoints, to provide hot reload, etc.
13    -->
14    <uses-permission android:name="android.permission.INTERNET" />
14-->src\debug\AndroidManifest.xml:6:5-66
14-->src\debug\AndroidManifest.xml:6:22-64
15    <uses-permission android:name="android.permission.ACCESS_NETWORK_STATE" />
15-->[com.google.android.gms:play-services-ads-lite:20.4.0] AndroidManifest.xml:24:5-79
15-->[com.google.android.gms:play-services-ads-lite:20.4.0] AndroidManifest.xml:24:22-76
16    <uses-permission android:name="com.google.android.gms.permission.AD_ID" /> <!-- Android package visibility setting -->
16-->[com.google.android.gms:play-services-ads-lite:20.4.0] AndroidManifest.xml:25:5-79
16-->[com.google.android.gms:play-services-ads-lite:20.4.0] AndroidManifest.xml:25:22-76
17    <queries>
17-->[com.google.android.gms:play-services-ads-lite:20.4.0] AndroidManifest.xml:28:5-44:15
18
19        <!-- For browser content -->
20        <intent>
20-->[com.google.android.gms:play-services-ads-lite:20.4.0] AndroidManifest.xml:31:9-37:18
21            <action android:name="android.intent.action.VIEW" />
21-->[com.google.android.gms:play-services-ads-lite:20.4.0] AndroidManifest.xml:32:13-65
21-->[com.google.android.gms:play-services-ads-lite:20.4.0] AndroidManifest.xml:32:21-62
22
23            <category android:name="android.intent.category.BROWSABLE" />
23-->[com.google.android.gms:play-services-ads-lite:20.4.0] AndroidManifest.xml:34:13-74
23-->[com.google.android.gms:play-services-ads-lite:20.4.0] AndroidManifest.xml:34:23-71
24
25            <data android:scheme="https" />
25-->[com.google.android.gms:play-services-ads-lite:20.4.0] AndroidManifest.xml:36:13-44
25-->[com.google.android.gms:play-services-ads-lite:20.4.0] AndroidManifest.xml:36:19-41
26        </intent>
27        <!-- End of browser content -->
28        <!-- For CustomTabsService -->
29        <intent>
29-->[com.google.android.gms:play-services-ads-lite:20.4.0] AndroidManifest.xml:40:9-42:18
30            <action android:name="android.support.customtabs.action.CustomTabsService" />
30-->[com.google.android.gms:play-services-ads-lite:20.4.0] AndroidManifest.xml:41:13-90
30-->[com.google.android.gms:play-services-ads-lite:20.4.0] AndroidManifest.xml:41:21-87
31        </intent>
32        <!-- End of CustomTabsService -->
33    </queries>
34
35    <uses-permission android:name="android.permission.WAKE_LOCK" />
35-->[androidx.work:work-runtime:2.7.0] AndroidManifest.xml:25:5-68
35-->[androidx.work:work-runtime:2.7.0] AndroidManifest.xml:25:22-65
36    <uses-permission android:name="android.permission.RECEIVE_BOOT_COMPLETED" />
36-->[androidx.work:work-runtime:2.7.0] AndroidManifest.xml:27:5-81
36-->[androidx.work:work-runtime:2.7.0] AndroidManifest.xml:27:22-78
37    <uses-permission android:name="android.permission.FOREGROUND_SERVICE" />
37-->[androidx.work:work-runtime:2.7.0] AndroidManifest.xml:28:5-77
37-->[androidx.work:work-runtime:2.7.0] AndroidManifest.xml:28:22-74
38
39    <application
39-->src\main\AndroidManifest.xml:2:2-25:16
40        android:appComponentFactory="androidx.core.app.CoreComponentFactory"
40-->[androidx.core:core:1.6.0] AndroidManifest.xml:24:18-86
41        android:debuggable="true"
42        android:icon="@mipmap/ic_launcher"
42-->src\main\AndroidManifest.xml:2:39-73
43        android:label="example" >
43-->src\main\AndroidManifest.xml:2:15-38
44        <meta-data
44-->src\main\AndroidManifest.xml:3:3-87
45            android:name="applovin.sdk.key"
45-->src\main\AndroidManifest.xml:3:14-45
46            android:value="KEY-OF-APPLOVIN-SDK-123" />
46-->src\main\AndroidManifest.xml:3:46-85
47        <meta-data
47-->src\main\AndroidManifest.xml:4:3-127
48            android:name="com.google.android.gms.ads.APPLICATION_ID"
48-->src\main\AndroidManifest.xml:4:14-70
49            android:value="ca-app-pub-3940256099942544~3347511713" />
49-->src\main\AndroidManifest.xml:4:71-125
50
51        <activity
51-->src\main\AndroidManifest.xml:5:3-21:14
52            android:name="com.example.example.MainActivity"
52-->src\main\AndroidManifest.xml:5:13-41
53            android:configChanges="orientation|keyboardHidden|keyboard|screenSize|smallestScreenSize|locale|layoutDirection|fontScale|screenLayout|density|uiMode"
53-->src\main\AndroidManifest.xml:5:108-258
54            android:hardwareAccelerated="true"
54-->src\main\AndroidManifest.xml:5:259-293
55            android:launchMode="singleTop"
55-->src\main\AndroidManifest.xml:5:42-72
56            android:theme="@style/LaunchTheme"
56-->src\main\AndroidManifest.xml:5:73-107
57            android:windowSoftInputMode="adjustResize" >
57-->src\main\AndroidManifest.xml:5:294-336
58
59            <!--
60                 Specifies an Android theme to apply to this Activity as soon as
61                 the Android process has started. This theme is visible to the user
62                 while the Flutter UI initializes. After that, this theme continues
63                 to determine the Window background behind the Flutter UI.
64            -->
65            <meta-data
65-->src\main\AndroidManifest.xml:10:4-110
66                android:name="io.flutter.embedding.android.NormalTheme"
66-->src\main\AndroidManifest.xml:10:15-70
67                android:resource="@style/NormalTheme" />
67-->src\main\AndroidManifest.xml:10:71-108
68            <!--
69                 Displays an Android View that continues showing the launch screen
70                 Drawable until Flutter paints its first frame, then this splash
71                 screen fades out. A splash screen is useful to avoid any visual
72                 gap between the end of Android's launch screen and the painting of
73                 Flutter's first frame.
74            -->
75            <meta-data
75-->src\main\AndroidManifest.xml:16:4-128
76                android:name="io.flutter.embedding.android.SplashScreenDrawable"
76-->src\main\AndroidManifest.xml:16:15-79
77                android:resource="@drawable/launch_background" />
77-->src\main\AndroidManifest.xml:16:80-126
78
79            <intent-filter>
79-->src\main\AndroidManifest.xml:17:4-20:20
80                <action android:name="android.intent.action.MAIN" />
80-->src\main\AndroidManifest.xml:18:5-56
80-->src\main\AndroidManifest.xml:18:13-54
81
82                <category android:name="android.intent.category.LAUNCHER" />
82-->src\main\AndroidManifest.xml:19:5-64
82-->src\main\AndroidManifest.xml:19:15-62
83            </intent-filter>
84        </activity>
85        <!--
86             Don't delete the meta-data below.
87             This is used by the Flutter tool to generate GeneratedPluginRegistrant.java
88        -->
89        <meta-data
89-->src\main\AndroidManifest.xml:24:3-65
90            android:name="flutterEmbedding"
90-->src\main\AndroidManifest.xml:24:14-45
91            android:value="2" />
91-->src\main\AndroidManifest.xml:24:46-63
92        <meta-data
92-->[:google_mobile_ads] AndroidManifest.xml:10:9-12:36
93            android:name="io.flutter.embedded_views_preview"
93-->[:google_mobile_ads] AndroidManifest.xml:11:13-61
94            android:value="true" />
94-->[:google_mobile_ads] AndroidManifest.xml:12:13-33
95
96        <provider
96-->[androidx.lifecycle:lifecycle-process:2.2.0] AndroidManifest.xml:25:9-29:43
97            android:name="androidx.lifecycle.ProcessLifecycleOwnerInitializer"
97-->[androidx.lifecycle:lifecycle-process:2.2.0] AndroidManifest.xml:26:13-79
98            android:authorities="com.example.example.lifecycle-process"
98-->[androidx.lifecycle:lifecycle-process:2.2.0] AndroidManifest.xml:27:13-69
99            android:exported="false"
99-->[androidx.lifecycle:lifecycle-process:2.2.0] AndroidManifest.xml:28:13-37
100            android:multiprocess="true" /> <!-- Include the AdActivity and InAppPurchaseActivity configChanges and themes. -->
100-->[androidx.lifecycle:lifecycle-process:2.2.0] AndroidManifest.xml:29:13-40
101        <activity
101-->[com.google.android.gms:play-services-ads-lite:20.4.0] AndroidManifest.xml:49:9-53:64
102            android:name="com.google.android.gms.ads.AdActivity"
102-->[com.google.android.gms:play-services-ads-lite:20.4.0] AndroidManifest.xml:50:13-65
103            android:configChanges="keyboard|keyboardHidden|orientation|screenLayout|uiMode|screenSize|smallestScreenSize"
103-->[com.google.android.gms:play-services-ads-lite:20.4.0] AndroidManifest.xml:51:13-122
104            android:exported="false"
104-->[com.google.android.gms:play-services-ads-lite:20.4.0] AndroidManifest.xml:52:13-37
105            android:theme="@android:style/Theme.Translucent" />
105-->[com.google.android.gms:play-services-ads-lite:20.4.0] AndroidManifest.xml:53:13-61
106
107        <provider
107-->[com.google.android.gms:play-services-ads-lite:20.4.0] AndroidManifest.xml:55:9-59:39
108            android:name="com.google.android.gms.ads.MobileAdsInitProvider"
108-->[com.google.android.gms:play-services-ads-lite:20.4.0] AndroidManifest.xml:56:13-76
109            android:authorities="com.example.example.mobileadsinitprovider"
109-->[com.google.android.gms:play-services-ads-lite:20.4.0] AndroidManifest.xml:57:13-73
110            android:exported="false"
110-->[com.google.android.gms:play-services-ads-lite:20.4.0] AndroidManifest.xml:58:13-37
111            android:initOrder="100" />
111-->[com.google.android.gms:play-services-ads-lite:20.4.0] AndroidManifest.xml:59:13-36
112
113        <service
113-->[com.google.android.gms:play-services-ads-lite:20.4.0] AndroidManifest.xml:61:9-64:40
114            android:name="com.google.android.gms.ads.AdService"
114-->[com.google.android.gms:play-services-ads-lite:20.4.0] AndroidManifest.xml:62:13-64
115            android:enabled="true"
115-->[com.google.android.gms:play-services-ads-lite:20.4.0] AndroidManifest.xml:63:13-35
116            android:exported="false" />
116-->[com.google.android.gms:play-services-ads-lite:20.4.0] AndroidManifest.xml:64:13-37
117
118        <provider
118-->[androidx.work:work-runtime:2.7.0] AndroidManifest.xml:31:9-39:20
119            android:name="androidx.startup.InitializationProvider"
119-->[androidx.work:work-runtime:2.7.0] AndroidManifest.xml:32:13-67
120            android:authorities="com.example.example.androidx-startup"
120-->[androidx.work:work-runtime:2.7.0] AndroidManifest.xml:33:13-68
121            android:exported="false" >
121-->[androidx.work:work-runtime:2.7.0] AndroidManifest.xml:34:13-37
122            <meta-data
122-->[androidx.work:work-runtime:2.7.0] AndroidManifest.xml:36:13-38:52
123                android:name="androidx.work.WorkManagerInitializer"
123-->[androidx.work:work-runtime:2.7.0] AndroidManifest.xml:37:17-68
124                android:value="androidx.startup" />
124-->[androidx.work:work-runtime:2.7.0] AndroidManifest.xml:38:17-49
125        </provider>
126
127        <service
127-->[androidx.work:work-runtime:2.7.0] AndroidManifest.xml:41:9-46:35
128            android:name="androidx.work.impl.background.systemalarm.SystemAlarmService"
128-->[androidx.work:work-runtime:2.7.0] AndroidManifest.xml:42:13-88
129            android:directBootAware="false"
129-->[androidx.work:work-runtime:2.7.0] AndroidManifest.xml:43:13-44
130            android:enabled="@bool/enable_system_alarm_service_default"
130-->[androidx.work:work-runtime:2.7.0] AndroidManifest.xml:44:13-72
131            android:exported="false" />
131-->[androidx.work:work-runtime:2.7.0] AndroidManifest.xml:45:13-37
132        <service
132-->[androidx.work:work-runtime:2.7.0] AndroidManifest.xml:47:9-53:35
133            android:name="androidx.work.impl.background.systemjob.SystemJobService"
133-->[androidx.work:work-runtime:2.7.0] AndroidManifest.xml:48:13-84
134            android:directBootAware="false"
134-->[androidx.work:work-runtime:2.7.0] AndroidManifest.xml:49:13-44
135            android:enabled="@bool/enable_system_job_service_default"
135-->[androidx.work:work-runtime:2.7.0] AndroidManifest.xml:50:13-70
136            android:exported="true"
136-->[androidx.work:work-runtime:2.7.0] AndroidManifest.xml:51:13-36
137            android:permission="android.permission.BIND_JOB_SERVICE" />
137-->[androidx.work:work-runtime:2.7.0] AndroidManifest.xml:52:13-69
138        <service
138-->[androidx.work:work-runtime:2.7.0] AndroidManifest.xml:54:9-59:35
139            android:name="androidx.work.impl.foreground.SystemForegroundService"
139-->[androidx.work:work-runtime:2.7.0] AndroidManifest.xml:55:13-81
140            android:directBootAware="false"
140-->[androidx.work:work-runtime:2.7.0] AndroidManifest.xml:56:13-44
141            android:enabled="@bool/enable_system_foreground_service_default"
141-->[androidx.work:work-runtime:2.7.0] AndroidManifest.xml:57:13-77
142            android:exported="false" />
142-->[androidx.work:work-runtime:2.7.0] AndroidManifest.xml:58:13-37
143
144        <receiver
144-->[androidx.work:work-runtime:2.7.0] AndroidManifest.xml:61:9-66:35
145            android:name="androidx.work.impl.utils.ForceStopRunnable$BroadcastReceiver"
145-->[androidx.work:work-runtime:2.7.0] AndroidManifest.xml:62:13-88
146            android:directBootAware="false"
146-->[androidx.work:work-runtime:2.7.0] AndroidManifest.xml:63:13-44
147            android:enabled="true"
147-->[androidx.work:work-runtime:2.7.0] AndroidManifest.xml:64:13-35
148            android:exported="false" />
148-->[androidx.work:work-runtime:2.7.0] AndroidManifest.xml:65:13-37
149        <receiver
149-->[androidx.work:work-runtime:2.7.0] AndroidManifest.xml:67:9-77:20
150            android:name="androidx.work.impl.background.systemalarm.ConstraintProxy$BatteryChargingProxy"
150-->[androidx.work:work-runtime:2.7.0] AndroidManifest.xml:68:13-106
151            android:directBootAware="false"
151-->[androidx.work:work-runtime:2.7.0] AndroidManifest.xml:69:13-44
152            android:enabled="false"
152-->[androidx.work:work-runtime:2.7.0] AndroidManifest.xml:70:13-36
153            android:exported="false" >
153-->[androidx.work:work-runtime:2.7.0] AndroidManifest.xml:71:13-37
154            <intent-filter>
154-->[androidx.work:work-runtime:2.7.0] AndroidManifest.xml:73:13-76:29
155                <action android:name="android.intent.action.ACTION_POWER_CONNECTED" />
155-->[androidx.work:work-runtime:2.7.0] AndroidManifest.xml:74:17-87
155-->[androidx.work:work-runtime:2.7.0] AndroidManifest.xml:74:25-84
156                <action android:name="android.intent.action.ACTION_POWER_DISCONNECTED" />
156-->[androidx.work:work-runtime:2.7.0] AndroidManifest.xml:75:17-90
156-->[androidx.work:work-runtime:2.7.0] AndroidManifest.xml:75:25-87
157            </intent-filter>
158        </receiver>
159        <receiver
159-->[androidx.work:work-runtime:2.7.0] AndroidManifest.xml:78:9-88:20
160            android:name="androidx.work.impl.background.systemalarm.ConstraintProxy$BatteryNotLowProxy"
160-->[androidx.work:work-runtime:2.7.0] AndroidManifest.xml:79:13-104
161            android:directBootAware="false"
161-->[androidx.work:work-runtime:2.7.0] AndroidManifest.xml:80:13-44
162            android:enabled="false"
162-->[androidx.work:work-runtime:2.7.0] AndroidManifest.xml:81:13-36
163            android:exported="false" >
163-->[androidx.work:work-runtime:2.7.0] AndroidManifest.xml:82:13-37
164            <intent-filter>
164-->[androidx.work:work-runtime:2.7.0] AndroidManifest.xml:84:13-87:29
165                <action android:name="android.intent.action.BATTERY_OKAY" />
165-->[androidx.work:work-runtime:2.7.0] AndroidManifest.xml:85:17-77
165-->[androidx.work:work-runtime:2.7.0] AndroidManifest.xml:85:25-74
166                <action android:name="android.intent.action.BATTERY_LOW" />
166-->[androidx.work:work-runtime:2.7.0] AndroidManifest.xml:86:17-76
166-->[androidx.work:work-runtime:2.7.0] AndroidManifest.xml:86:25-73
167            </intent-filter>
168        </receiver>
169        <receiver
169-->[androidx.work:work-runtime:2.7.0] AndroidManifest.xml:89:9-99:20
170            android:name="androidx.work.impl.background.systemalarm.ConstraintProxy$StorageNotLowProxy"
170-->[androidx.work:work-runtime:2.7.0] AndroidManifest.xml:90:13-104
171            android:directBootAware="false"
171-->[androidx.work:work-runtime:2.7.0] AndroidManifest.xml:91:13-44
172            android:enabled="false"
172-->[androidx.work:work-runtime:2.7.0] AndroidManifest.xml:92:13-36
173            android:exported="false" >
173-->[androidx.work:work-runtime:2.7.0] AndroidManifest.xml:93:13-37
174            <intent-filter>
174-->[androidx.work:work-runtime:2.7.0] AndroidManifest.xml:95:13-98:29
175                <action android:name="android.intent.action.DEVICE_STORAGE_LOW" />
175-->[androidx.work:work-runtime:2.7.0] AndroidManifest.xml:96:17-83
175-->[androidx.work:work-runtime:2.7.0] AndroidManifest.xml:96:25-80
176                <action android:name="android.intent.action.DEVICE_STORAGE_OK" />
176-->[androidx.work:work-runtime:2.7.0] AndroidManifest.xml:97:17-82
176-->[androidx.work:work-runtime:2.7.0] AndroidManifest.xml:97:25-79
177            </intent-filter>
178        </receiver>
179        <receiver
179-->[androidx.work:work-runtime:2.7.0] AndroidManifest.xml:100:9-109:20
180            android:name="androidx.work.impl.background.systemalarm.ConstraintProxy$NetworkStateProxy"
180-->[androidx.work:work-runtime:2.7.0] AndroidManifest.xml:101:13-103
181            android:directBootAware="false"
181-->[androidx.work:work-runtime:2.7.0] AndroidManifest.xml:102:13-44
182            android:enabled="false"
182-->[androidx.work:work-runtime:2.7.0] AndroidManifest.xml:103:13-36
183            android:exported="false" >
183-->[androidx.work:work-runtime:2.7.0] AndroidManifest.xml:104:13-37
184            <intent-filter>
184-->[androidx.work:work-runtime:2.7.0] AndroidManifest.xml:106:13-108:29
185                <action android:name="android.net.conn.CONNECTIVITY_CHANGE" />
185-->[androidx.work:work-runtime:2.7.0] AndroidManifest.xml:107:17-79
185-->[androidx.work:work-runtime:2.7.0] AndroidManifest.xml:107:25-76
186            </intent-filter>
187        </receiver>
188        <receiver
188-->[androidx.work:work-runtime:2.7.0] AndroidManifest.xml:110:9-121:20
189            android:name="androidx.work.impl.background.systemalarm.RescheduleReceiver"
189-->[androidx.work:work-runtime:2.7.0] AndroidManifest.xml:111:13-88
190            android:directBootAware="false"
190-->[androidx.work:work-runtime:2.7.0] AndroidManifest.xml:112:13-44
191            android:enabled="false"
191-->[androidx.work:work-runtime:2.7.0] AndroidManifest.xml:113:13-36
192            android:exported="false" >
192-->[androidx.work:work-runtime:2.7.0] AndroidManifest.xml:114:13-37
193            <intent-filter>
193-->[androidx.work:work-runtime:2.7.0] AndroidManifest.xml:116:13-120:29
194                <action android:name="android.intent.action.BOOT_COMPLETED" />
194-->[androidx.work:work-runtime:2.7.0] AndroidManifest.xml:117:17-79
194-->[androidx.work:work-runtime:2.7.0] AndroidManifest.xml:117:25-76
195                <action android:name="android.intent.action.TIME_SET" />
195-->[androidx.work:work-runtime:2.7.0] AndroidManifest.xml:118:17-73
195-->[androidx.work:work-runtime:2.7.0] AndroidManifest.xml:118:25-70
196                <action android:name="android.intent.action.TIMEZONE_CHANGED" />
196-->[androidx.work:work-runtime:2.7.0] AndroidManifest.xml:119:17-81
196-->[androidx.work:work-runtime:2.7.0] AndroidManifest.xml:119:25-78
197            </intent-filter>
198        </receiver>
199        <receiver
199-->[androidx.work:work-runtime:2.7.0] AndroidManifest.xml:122:9-131:20
200            android:name="androidx.work.impl.background.systemalarm.ConstraintProxyUpdateReceiver"
200-->[androidx.work:work-runtime:2.7.0] AndroidManifest.xml:123:13-99
201            android:directBootAware="false"
201-->[androidx.work:work-runtime:2.7.0] AndroidManifest.xml:124:13-44
202            android:enabled="@bool/enable_system_alarm_service_default"
202-->[androidx.work:work-runtime:2.7.0] AndroidManifest.xml:125:13-72
203            android:exported="false" >
203-->[androidx.work:work-runtime:2.7.0] AndroidManifest.xml:126:13-37
204            <intent-filter>
204-->[androidx.work:work-runtime:2.7.0] AndroidManifest.xml:128:13-130:29
205                <action android:name="androidx.work.impl.background.systemalarm.UpdateProxies" />
205-->[androidx.work:work-runtime:2.7.0] AndroidManifest.xml:129:17-98
205-->[androidx.work:work-runtime:2.7.0] AndroidManifest.xml:129:25-95
206            </intent-filter>
207        </receiver>
208        <receiver
208-->[androidx.work:work-runtime:2.7.0] AndroidManifest.xml:132:9-142:20
209            android:name="androidx.work.impl.diagnostics.DiagnosticsReceiver"
209-->[androidx.work:work-runtime:2.7.0] AndroidManifest.xml:133:13-78
210            android:directBootAware="false"
210-->[androidx.work:work-runtime:2.7.0] AndroidManifest.xml:134:13-44
211            android:enabled="true"
211-->[androidx.work:work-runtime:2.7.0] AndroidManifest.xml:135:13-35
212            android:exported="true"
212-->[androidx.work:work-runtime:2.7.0] AndroidManifest.xml:136:13-36
213            android:permission="android.permission.DUMP" >
213-->[androidx.work:work-runtime:2.7.0] AndroidManifest.xml:137:13-57
214            <intent-filter>
214-->[androidx.work:work-runtime:2.7.0] AndroidManifest.xml:139:13-141:29
215                <action android:name="androidx.work.diagnostics.REQUEST_DIAGNOSTICS" />
215-->[androidx.work:work-runtime:2.7.0] AndroidManifest.xml:140:17-88
215-->[androidx.work:work-runtime:2.7.0] AndroidManifest.xml:140:25-85
216            </intent-filter>
217        </receiver>
218
219        <provider
219-->[com.applovin:applovin-sdk:10.3.5] AndroidManifest.xml:16:9-21:39
220            android:name="com.applovin.sdk.AppLovinInitProvider"
220-->[com.applovin:applovin-sdk:10.3.5] AndroidManifest.xml:17:13-65
221            android:authorities="com.example.example.applovincontentprovider"
221-->[com.applovin:applovin-sdk:10.3.5] AndroidManifest.xml:18:13-75
222            android:exported="false"
222-->[com.applovin:applovin-sdk:10.3.5] AndroidManifest.xml:19:13-37
223            android:grantUriPermissions="true"
223-->[com.applovin:applovin-sdk:10.3.5] AndroidManifest.xml:20:13-47
224            android:initOrder="101" /> <!-- Init order is 101 so we're before Firebase/Google which uses 100 -->
224-->[com.applovin:applovin-sdk:10.3.5] AndroidManifest.xml:21:13-36
225        <activity
225-->[com.applovin:applovin-sdk:10.3.5] AndroidManifest.xml:23:9-27:50
226            android:name="com.applovin.adview.AppLovinInterstitialActivity"
226-->[com.applovin:applovin-sdk:10.3.5] AndroidManifest.xml:24:13-76
227            android:configChanges="orientation|screenSize|smallestScreenSize|screenLayout|uiMode"
227-->[com.applovin:applovin-sdk:10.3.5] AndroidManifest.xml:25:13-98
228            android:hardwareAccelerated="true"
228-->[com.applovin:applovin-sdk:10.3.5] AndroidManifest.xml:26:13-47
229            android:screenOrientation="behind" />
229-->[com.applovin:applovin-sdk:10.3.5] AndroidManifest.xml:27:13-47
230        <activity
230-->[com.applovin:applovin-sdk:10.3.5] AndroidManifest.xml:28:9-34:50
231            android:name="com.applovin.adview.AppLovinFullscreenActivity"
231-->[com.applovin:applovin-sdk:10.3.5] AndroidManifest.xml:29:13-74
232            android:configChanges="keyboard|keyboardHidden|locale|orientation|screenLayout|screenSize|smallestScreenSize|uiMode"
232-->[com.applovin:applovin-sdk:10.3.5] AndroidManifest.xml:30:13-129
233            android:exported="false"
233-->[com.applovin:applovin-sdk:10.3.5] AndroidManifest.xml:31:13-37
234            android:hardwareAccelerated="true"
234-->[com.applovin:applovin-sdk:10.3.5] AndroidManifest.xml:32:13-47
235            android:launchMode="singleTop"
235-->[com.applovin:applovin-sdk:10.3.5] AndroidManifest.xml:33:13-43
236            android:screenOrientation="behind" />
236-->[com.applovin:applovin-sdk:10.3.5] AndroidManifest.xml:34:13-47
237        <activity
237-->[com.applovin:applovin-sdk:10.3.5] AndroidManifest.xml:35:9-37:84
238            android:name="com.applovin.sdk.AppLovinWebViewActivity"
238-->[com.applovin:applovin-sdk:10.3.5] AndroidManifest.xml:36:13-68
239            android:configChanges="keyboardHidden|orientation|screenSize|uiMode" />
239-->[com.applovin:applovin-sdk:10.3.5] AndroidManifest.xml:37:13-81
240        <activity
240-->[com.applovin:applovin-sdk:10.3.5] AndroidManifest.xml:38:9-41:87
241            android:name="com.applovin.mediation.MaxDebuggerActivity"
241-->[com.applovin:applovin-sdk:10.3.5] AndroidManifest.xml:39:13-70
242            android:configChanges="keyboardHidden|orientation|screenSize"
242-->[com.applovin:applovin-sdk:10.3.5] AndroidManifest.xml:40:13-74
243            android:theme="@style/com.applovin.mediation.MaxDebuggerActivity.Theme" />
243-->[com.applovin:applovin-sdk:10.3.5] AndroidManifest.xml:41:13-84
244        <activity
244-->[com.applovin:applovin-sdk:10.3.5] AndroidManifest.xml:42:9-45:87
245            android:name="com.applovin.mediation.MaxDebuggerDetailActivity"
245-->[com.applovin:applovin-sdk:10.3.5] AndroidManifest.xml:43:13-76
246            android:configChanges="keyboardHidden|orientation|screenSize"
246-->[com.applovin:applovin-sdk:10.3.5] AndroidManifest.xml:44:13-74
247            android:theme="@style/com.applovin.mediation.MaxDebuggerActivity.Theme" />
247-->[com.applovin:applovin-sdk:10.3.5] AndroidManifest.xml:45:13-84
248        <activity
248-->[com.applovin:applovin-sdk:10.3.5] AndroidManifest.xml:46:9-49:87
249            android:name="com.applovin.mediation.MaxDebuggerMultiAdActivity"
249-->[com.applovin:applovin-sdk:10.3.5] AndroidManifest.xml:47:13-77
250            android:configChanges="keyboardHidden|orientation|screenSize"
250-->[com.applovin:applovin-sdk:10.3.5] AndroidManifest.xml:48:13-74
251            android:theme="@style/com.applovin.mediation.MaxDebuggerActivity.Theme" />
251-->[com.applovin:applovin-sdk:10.3.5] AndroidManifest.xml:49:13-84
252        <activity
252-->[com.applovin:applovin-sdk:10.3.5] AndroidManifest.xml:50:9-53:87
253            android:name="com.applovin.mediation.MaxDebuggerAdUnitsListActivity"
253-->[com.applovin:applovin-sdk:10.3.5] AndroidManifest.xml:51:13-81
254            android:configChanges="keyboardHidden|orientation|screenSize"
254-->[com.applovin:applovin-sdk:10.3.5] AndroidManifest.xml:52:13-74
255            android:theme="@style/com.applovin.mediation.MaxDebuggerActivity.Theme" />
255-->[com.applovin:applovin-sdk:10.3.5] AndroidManifest.xml:53:13-84
256        <activity
256-->[com.applovin:applovin-sdk:10.3.5] AndroidManifest.xml:54:9-57:87
257            android:name="com.applovin.mediation.MaxDebuggerAdUnitDetailActivity"
257-->[com.applovin:applovin-sdk:10.3.5] AndroidManifest.xml:55:13-82
258            android:configChanges="keyboardHidden|orientation|screenSize"
258-->[com.applovin:applovin-sdk:10.3.5] AndroidManifest.xml:56:13-74
259            android:theme="@style/com.applovin.mediation.MaxDebuggerActivity.Theme" />
259-->[com.applovin:applovin-sdk:10.3.5] AndroidManifest.xml:57:13-84
260        <activity
260-->[com.applovin:applovin-sdk:10.3.5] AndroidManifest.xml:58:9-61:87
261            android:name="com.applovin.mediation.MaxDebuggerTestLiveNetworkActivity"
261-->[com.applovin:applovin-sdk:10.3.5] AndroidManifest.xml:59:13-85
262            android:configChanges="keyboardHidden|orientation|screenSize"
262-->[com.applovin:applovin-sdk:10.3.5] AndroidManifest.xml:60:13-74
263            android:theme="@style/com.applovin.mediation.MaxDebuggerActivity.Theme" />
263-->[com.applovin:applovin-sdk:10.3.5] AndroidManifest.xml:61:13-84
264
265        <service
265-->[com.applovin:applovin-sdk:10.3.5] AndroidManifest.xml:63:9-66:44
266            android:name="com.applovin.impl.sdk.utils.AppKilledService"
266-->[com.applovin:applovin-sdk:10.3.5] AndroidManifest.xml:64:13-72
267            android:exported="false"
267-->[com.applovin:applovin-sdk:10.3.5] AndroidManifest.xml:65:13-37
268            android:stopWithTask="false" />
268-->[com.applovin:applovin-sdk:10.3.5] AndroidManifest.xml:66:13-41
269        <service
269-->[com.applovin:applovin-sdk:10.3.5] AndroidManifest.xml:67:9-70:44
270            android:name="com.applovin.impl.adview.activity.FullscreenAdService"
270-->[com.applovin:applovin-sdk:10.3.5] AndroidManifest.xml:68:13-81
271            android:exported="false"
271-->[com.applovin:applovin-sdk:10.3.5] AndroidManifest.xml:69:13-37
272            android:stopWithTask="false" />
272-->[com.applovin:applovin-sdk:10.3.5] AndroidManifest.xml:70:13-41
273
274        <meta-data
274-->[com.google.android.gms:play-services-basement:17.6.0] AndroidManifest.xml:23:9-25:69
275            android:name="com.google.android.gms.version"
275-->[com.google.android.gms:play-services-basement:17.6.0] AndroidManifest.xml:24:13-58
276            android:value="@integer/google_play_services_version" />
276-->[com.google.android.gms:play-services-basement:17.6.0] AndroidManifest.xml:25:13-66
277
278        <service
278-->[androidx.room:room-runtime:2.2.5] AndroidManifest.xml:25:9-28:40
279            android:name="androidx.room.MultiInstanceInvalidationService"
279-->[androidx.room:room-runtime:2.2.5] AndroidManifest.xml:26:13-74
280            android:directBootAware="true"
280-->[androidx.room:room-runtime:2.2.5] AndroidManifest.xml:27:13-43
281            android:exported="false" />